14:01:23.989 INFO [GridLauncherV3.parse] - Selenium server version: 3.141.59, revision: e82be7d358
14:01:24.091 INFO [GridLauncherV3.lambda$buildLaunchers$3] - Launching a standalone Selenium Server on port 4444
2019-10-08 14:01:24.136:INFO::main: Logging initialized @404ms to org.seleniumhq.jetty9.util.log.StdErrLog
14:01:24.364 INFO [WebDriverServlet.<init>] - Initialising WebDriverServlet
14:01:24.756 INFO [SeleniumServer.boot] - Selenium Server is up and running on port 4444
14:01:25.414 INFO [ActiveSessionFactory.apply] - Capabilities are: {
  "acceptSslCerts": true,
  "browserName": "chrome",
  "chromeOptions": {
    "args": [
      "window-size=1280,800",
      "disable-web-security",
      "test-type"
    ]
  },
  "javascriptEnabled": true
}
14:01:25.415 INFO [ActiveSessionFactory.lambda$apply$11] - Matched factory org.openqa.selenium.grid.session.remote.ServicedSession$Factory (provider: org.openqa.selenium.chrome.ChromeDriverService)
Starting ChromeDriver 77.0.3865.40 (f484704e052e0b556f8030b65b953dce96503217-refs/branch-heads/3865@{#442}) on port 24087
Only local connections are allowed.
Please protect ports used by ChromeDriver and related test frameworks to prevent access by malicious code.
[1570523489.221][WARNING]: Timed out connecting to Chrome, retrying...
14:01:31.385 INFO [ProtocolHandshake.createSession] - Detected dialect: W3C
14:01:31.447 INFO [RemoteSession$Factory.lambda$performHandshake$0] - Started new session 6ff4ac51b365e0c7e82d1bb23dad024e (org.openqa.selenium.chrome.ChromeDriverService)
[1570523493.474][WARNING]: Timed out connecting to Chrome, retrying...
